<?xml version="1.0" encoding="UTF-8"?>
<!-- Generated by org.testng.reporters.JUnitReportReporter -->
<testsuite hostname="AnKusH" name="Tests.TC_03_WebTableHandling" tests="1" failures="0" timestamp="10 Jul 2020 15:00:34 GMT" time="21.561" errors="0">
  <testcase name="readWebtableData" time="21.561" classname="Tests.TC_03_WebTableHandling"/>
</testsuite> <!-- Tests.TC_03_WebTableHandling -->
