<?xml version="1.0" encoding="UTF-8"?>
<!-- Generated by org.testng.reporters.JUnitReportReporter -->
<testsuite hostname="AnKusH" name="general_tests.TC_03_TitleTest" tests="1" failures="0" timestamp="16 Jul 2020 09:14:46 GMT" time="11.191" errors="0">
  <testcase name="googleTitleTest" time="11.191" classname="general_tests.TC_03_TitleTest"/>
</testsuite> <!-- general_tests.TC_03_TitleTest -->
