<?xml version="1.0" encoding="UTF-8"?>
<!-- Generated by org.testng.reporters.JUnitReportReporter -->
<testsuite hostname="AnKusH" name="Tests.TC_03" tests="1" failures="0" timestamp="10 Jul 2020 10:26:33 GMT" time="12.062" errors="0">
  <testcase name="loginApp" time="12.062" classname="Tests.TC_03"/>
</testsuite> <!-- Tests.TC_03 -->
