<?xml version="1.0" encoding="UTF-8"?>
<!-- Generated by org.testng.reporters.JUnitReportReporter -->
<testsuite hostname="AnKusH" name="Tests.GoogleTitleTest" tests="1" failures="0" timestamp="15 Jul 2020 19:26:39 GMT" time="11.686" errors="0">
  <testcase name="googleTitleTest" time="11.686" classname="Tests.GoogleTitleTest"/>
</testsuite> <!-- Tests.GoogleTitleTest -->
