<?xml version="1.0" encoding="UTF-8"?>
<!-- Generated by org.testng.reporters.JUnitReportReporter -->
<testsuite hostname="AnKusH" name="Tests.LoginPageTest" tests="1" failures="0" timestamp="16 Jul 2020 12:16:04 GMT" time="2.661" errors="0">
  <testcase name="loginApp" time="2.661" classname="Tests.LoginPageTest"/>
</testsuite> <!-- Tests.LoginPageTest -->
